Determining if the pthread_create exist failed with the following output:
Change Dir: /home/yuchen/SLAMbook/ch6/ceres-curve-fitting/cmake-build-debug/CMakeFiles/CMakeTmp

Run Build Command:"/usr/bin/make" "cmTC_af4c4/fast"
/usr/bin/make -f CMakeFiles/cmTC_af4c4.dir/build.make CMakeFiles/cmTC_af4c4.dir/build
make[1]: Entering directory '/home/yuchen/SLAMbook/ch6/ceres-curve-fitting/cmake-build-debug/CMakeFiles/CMakeTmp'
Building C object CMakeFiles/cmTC_af4c4.dir/CheckSymbolExists.c.o
/usr/bin/cc    -o CMakeFiles/cmTC_af4c4.dir/CheckSymbolExists.c.o   -c /home/yuchen/SLAMbook/ch6/ceres-curve-fitting/cmake-build-debug/CMakeFiles/CMakeTmp/CheckSymbolExists.c
Linking C executable cmTC_af4c4
/home/yuchen/clion-2017.3.1/bin/cmake/bin/cmake -E cmake_link_script CMakeFiles/cmTC_af4c4.dir/link.txt --verbose=1
/usr/bin/cc      -rdynamic CMakeFiles/cmTC_af4c4.dir/CheckSymbolExists.c.o  -o cmTC_af4c4 
CMakeFiles/cmTC_af4c4.dir/CheckSymbolExists.c.o: In function `main':
CheckSymbolExists.c:(.text+0x16): undefined reference to `pthread_create'
collect2: error: ld returned 1 exit status
CMakeFiles/cmTC_af4c4.dir/build.make:97: recipe for target 'cmTC_af4c4' failed
make[1]: *** [cmTC_af4c4] Error 1
make[1]: Leaving directory '/home/yuchen/SLAMbook/ch6/ceres-curve-fitting/cmake-build-debug/CMakeFiles/CMakeTmp'
Makefile:126: recipe for target 'cmTC_af4c4/fast' failed
make: *** [cmTC_af4c4/fast] Error 2

File /home/yuchen/SLAMbook/ch6/ceres-curve-fitting/cmake-build-debug/CMakeFiles/CMakeTmp/CheckSymbolExists.c:
/* */
#include <pthread.h>

int main(int argc, char** argv)
{
  (void)argv;
#ifndef pthread_create
  return ((int*)(&pthread_create))[argc];
#else
  (void)argc;
  return 0;
#endif
}

Determining if the function pthread_create exists in the pthreads failed with the following output:
Change Dir: /home/yuchen/SLAMbook/ch6/ceres-curve-fitting/cmake-build-debug/CMakeFiles/CMakeTmp

Run Build Command:"/usr/bin/make" "cmTC_ab717/fast"
/usr/bin/make -f CMakeFiles/cmTC_ab717.dir/build.make CMakeFiles/cmTC_ab717.dir/build
make[1]: Entering directory '/home/yuchen/SLAMbook/ch6/ceres-curve-fitting/cmake-build-debug/CMakeFiles/CMakeTmp'
Building C object CMakeFiles/cmTC_ab717.dir/CheckFunctionExists.c.o
/usr/bin/cc   -DCHECK_FUNCTION_EXISTS=pthread_create   -o CMakeFiles/cmTC_ab717.dir/CheckFunctionExists.c.o   -c /home/yuchen/clion-2017.3.1/bin/cmake/share/cmake-3.9/Modules/CheckFunctionExists.c
Linking C executable cmTC_ab717
/home/yuchen/clion-2017.3.1/bin/cmake/bin/cmake -E cmake_link_script CMakeFiles/cmTC_ab717.dir/link.txt --verbose=1
/usr/bin/cc  -DCHECK_FUNCTION_EXISTS=pthread_create    -rdynamic CMakeFiles/cmTC_ab717.dir/CheckFunctionExists.c.o  -o cmTC_ab717 -lpthreads 
/usr/bin/ld: cannot find -lpthreads
collect2: error: ld returned 1 exit status
CMakeFiles/cmTC_ab717.dir/build.make:97: recipe for target 'cmTC_ab717' failed
make[1]: *** [cmTC_ab717] Error 1
make[1]: Leaving directory '/home/yuchen/SLAMbook/ch6/ceres-curve-fitting/cmake-build-debug/CMakeFiles/CMakeTmp'
Makefile:126: recipe for target 'cmTC_ab717/fast' failed
make: *** [cmTC_ab717/fast] Error 2


